[   .00000Iniaizincgupsubs cse
[  00000] itliing ro sbsyspu[   .000] Iniazig cgupubyspuct
[  .0000]in vrsio4.0-12-ger (buil@l01amd601 (cc vsi 54.0 1609(Ubuu 4.-6ubutu164.5) #5-buntSMFr Jan9 :4:36 C 18(Ubuu 4.-11235enric 4.)
[  00000]omndlineBO_IAGE=oovminuz.4-12-genec ot=LELlodimg-rtfro cso=ty1 cso=tyS0  0.0000KENEL ppte cpu
  0.0000  ntelennentel[  0.000  AMD thtiAM
[  .0000] CntauCeauHaul
[  .00000x8/fpuxsteoffs[2  76, ta_szes[: 56
[  0.000] x/f: uppoinXSVE ftu 001: 87lotingoi rgists'[   .000] x8fp SpporngSAE feur0x2: 'E giters
[  .00000]x86/fp: SuorngXSAVfeur 0x0 'X egisrs
[   0.00] 86/fu:naed xatfeture0x cntex se  832yt, singstdad' fma
    0000 x86puUsng 'zyFP conxtwiches
[  000000]82: BIS-provedhyicalAMap
[  00000] OS82: [mm 00000000000x0000009fbf ubl
[  00000] OS82: [m 000000009000x0000009fff rered
  0.0000BI-e20: emx0000000000-0x000000ffff rered
  0.0000] BIOS-e820: [mem 0x0000000000100000-0x000000001ffeffff] usable
[   .000] BI-e0:[memx000001ff00-000000fffff]CPdaa
[    0.000000] BIOS-e820: [mem 0x00000000fec00000-0x00000000fec00f] seved  0.0000] IOe820[m 0000000e0000-00000fee0f] served[  0.0000 BS-e820[m 0x0000ffc00-0000000ffff resve
[   0.00] X (Ecu Dsabl ptetionacve
[   0000 SMBS 5 reset.
[    0.000000] Hypervisor detected: KVM
  0.0000] 20 laspf= x1ff0 x_ch_p =x400000    0000 MTR: Dibld
[   0000] 6/T:MTRR dabd, sppg AT itiiztionoo
[   0000]CPU RRal blak vitulid stm.[  00000] 6/AT: ongution 0-:   WT U- C WB WT  U U 
[  00000]oud SMMP-tlet mem 00ff0-0x09ff mapd  [fff88009f0]
  0.0000Scnig 1 eafo lowemy orruio
   0.000 RMDIS [m x1ec00-0f771fff]
[  0.0000] PIEaly tlechksumerictionisled
[   0000] PIRSP 0x000000E00 004 (v VX )  0.0000 AI:XSDTx000001F000 003C(v1 OX  VBXXT 0000 A  00001)[   .000] ACI:FAP 00000000FF0F0000 (4 BOX   OXCP000001SL 00006
    0000 ACP DT x00000FF047002F v02 BO  OXBI 00002 IL 10528)
[   00000]AC: CS 000001FFF000040
  0.0000 AI:ACS 000001FF02 0040  0.00000]CP API0x000001F00 0005(v VOX  BOPI 00000AS  0000)
[  0.0000] ACPI: SSDT 0x000000001FFF02A0 0001CC (v01 VBOX   VBOXCPUT 00000INL 2005)
[  00000]o MAconfurio fou
  0.0000Faing  ne  [me0x00000000000x000000ffefff][   .000] NOE_TA) alcad mem 1fb00-0xfeff
[  00000] m-oc: Usg rs4b56d0an4b5600[   .000] kvclk:cpu , r 1ffe01prmarypulok
[   .000] kvclk:usinsced offst of083344 cle
[   0.00] lockur: vm-cckmak: 0ffffffffffaxcycl: 1c42e4ff, axide_ns88909148ns[   .000] Zoe ng:
[  00000] DM    [m 000000000000x0000000fff]    00000  DM32  em 00000010000x000001ffff]
  0.0000  rml   mp
   0.000  Devi  mpy
[  0.000] Mab zne srtoreachod
   00000Early mo nde rangs[  0.000  node 0[mm 0x000000010-x00000009ff
[   0000]  ne 0: [m 0000000100-0x00000ffffff]
[    0.000000] Initmem setup node 0 [mem 0x0000000000001000-0x000000001ffeffff]
[    0.000000] ACPI: PM-Timer IO Port: 0x4008
[    0.000000] IOAPIC[0]: apic_id 2, version 32, address 0xfec00000, GSI 0-23   00000] PI INT_SRC_OVR (bus 0 bus_irq 0 global_irq 2 dfl dfl)
[    0.000000] ACPIINSR_OVRbu0 us_i 9loal_i 9owleve
  0.0000Usng ACP(MT) f S cnfigatn nfrmio
   0.0000] pbotAlwig 2 Us0 otpl Cs
[  00000]M:egsteredose mery[mm 0x00000x000f]
[  00000]M:egster nav memy:me 0x09f000x009fff
[  0.0000PM Regted osavmery [mem x0a00-0x0eff
[  00000] : giterenovememory[m 0x0f00-x000ff
    0.00] 820:[m 000000-feffff ailble r I evic
    0000] otng pavtulizekeelon K
  0.0000] losource rin-jifie mk: 0ffff maxycs:0xffff, ax_ie_: 6455601168 n
[   00000] tuperc: _CUS:5 ncpmaskbi:5 nr_u_s:2 nrodid:1
  0.0000 PCP Embde34pagecp@fff881f000 s944812 d328108576[  0.000 P qsplo hsh tlenties:56orer:  46 ytes
[    00000] il1 oneltsn ode de mbili gupng on.Tol pas:2889
  0.0000PocyzoneDM2
[  00000]erelcomand le:OO_IMA=/otvmliz-4.-11-gneicrot=LABEcldig-rofsroonso=t1 onso=tS0
[   0000 PIDastale etrs:048 rd: , 164 te)
[   0000] Mery48628K232Kavailbl(89K knecoe, 19Kwdta, 98 rat, 15K it 16Kss 382K seved,K a-eserd)[   .000] SL: algn=6 Oer0-3,inObecs=0,PU2,Node1    0000 Kerl/erpageabs solaonenbled[  0.000 Herarcic RU imlention.[  0.000 	uildimadusenofleafant o 64
[  .0000]RC resicing PU fm _CUS=52 o r_puids=2.
[    0.000000] RCU:  Adjusting geometry for rcu_fanout_leaf=64, nr_cpu_ids=2
[    0.000000]NRRQ3302nrrq:4406    .000] onso: lor VG 825
[  00000] nse tty1 ebl
[   .000] cool[tyS0]nale
[    0.000000] tsc Detected 2893.310 MHz processor
[   24.846620] Calibrating delay loop (skipped) preset value.. 5786.62 BogoMIPS (lpj=11573240)
[   25.112356] pid_max: default: 32768 minimum: 301
[   25.258353] ACPI: Core revision 20150930
[   25.376769] ACPI: 2 ACPI AML tables successfully acquired and loaded
[   25.523738] Security Framework initialized
[   25.524335] Yama: becoming mindful.
[   25.622137] AppArmor: AppArmor initialized
[   25.756299] Dentry cache hash table entries: 65536 (order: 7, 524288 bytes)
[   25.969023] Inode-cache hash table entries: 32768 (order: 6, 262144 bytes)
[   26.178128] Mount-cache hash table entries: 1024 (order: 1, 8192 bytes)
[   26.382257] Mountpoint-cache hash table entries: 1024 (order: 1, 8192 bytes)
[   26.601172] Initializing cgroup subsys io
[   26.716409] Initializing cgroup subsys memory
[   26.846509] Initializing cgroup subsys devices
[   26.974103] Initializing cgroup subsys freezer
[   27.114216] Initializing cgroup subsys net_cls
[   27.248300] Initializing cgroup subsys perf_event
[   27.361947] Initializing cgroup subsys net_prio
[   27.452918] Initializing cgroup subsys hugetlb
[   27.504970] Initializing cgroup subsys pids
[   27.623610] CPU: Physical Processor ID: 0
[   27.712168] CPU: Processor Core ID: 0
[   27.827209] FEATURE SPEC_CTRL Not Present
[   27.953545] mce: CPU supports 0 MCE banks
[   28.062411] Last level iTLB entries: 4KB 1024, 2MB 1024, 4MB 1024
[   28.254120] Last level dTLB entries: 4KB 1024, 2MB 1024, 4MB 1024, 1GB 4
[   28.457695] Freeing SMP alternatives memory: 32K
[   28.590645] ftrace: allocating 32180 entries in 126 pages
[   28.780384] smpboot: APIC(0) Converting physical 0 to logical package 0
[   28.976726] smpboot: Max logical packages: 1
[   29.091443] x2apic enabled
[   29.171864] Switched APIC routing to physical x2apic.
[   29.309336] ..TIMER: vector=0x30 apic1=0 pin1=2 apic2=-1 pin2=-1
[   29.606816] smpboot: CPU0: Intel(R) Core(TM) i7-4910MQ CPU @ 2.90GHz (family: 0x6, model: 0x3c, stepping: 0x3)
[   29.784658] Performance Events: unsupported p6 CPU model 60 no PMU driver, software events only.
[   29.785976] KVM setup paravirtual spinlock
[   29.787133] x86: Booting SMP configuration:
[   29.787759] .... node  #0, CPUs:      #1
[   29.788433] kvm-clock: cpu 1, msr 0:1ffe3041, secondary cpu clock
[   29.959367] mce: CPU supports 0 MCE banks
[   30.044764] x86: Booted up 1 node, 2 CPUs
[   30.093702] smpboot: Total of 2 processors activated (11573.24 BogoMIPS)
[   30.306698] devtmpfs: initialized
[   30.408001] evm: security.selinux
[   30.516374] evm: security.SMACK64
[   30.622432] evm: security.SMACK64EXEC
[   30.729496] evm: security.SMACK64TRANSMUTE
[   30.796546] evm: security.SMACK64MMAP
[   30.858584] evm: security.ima
[   30.952646] evm: security.capability
[   31.059521] clocksource: jiffies: mask: 0xffffffff max_cycles: 0xffffffff, max_idle_ns: 7645041785100000 ns
[   31.076249] futex hash table entries: 512 (order: 3, 32768 bytes)
[   31.149616] pinctrl core: initialized pinctrl subsystem
[   31.281513] RTC time: 20:04:05, date: 02/21/18
[   31.402624] NET: Registered protocol family 16
[   31.524826] cpuidle: using governor ladder
[   31.556354] cpuidle: using governor menu
[   31.635709] PCCT header not found.
[   31.688782] ACPI: bus type PCI registered
[   31.704300] acpiphp: ACPI Hot Plug PCI Controller Driver version: 0.5
[   31.705329] PCI: Using configuration type 1 for base access
[   31.717434] ACPI: Added _OSI(Module Device)
[   31.833340] ACPI: Added _OSI(Processor Device)
[   31.869117] ACPI: Added _OSI(3.0 _SCP Extensions)
[   31.933413] ACPI: Added _OSI(Processor Aggregator Device)
[   32.051946] ACPI: Executed 1 blocks of module-level executable AML code
[   32.147377] ACPI: Interpreter enabled
[   32.214008] ACPI: (supports S0 S5)
[   32.215725] ACPI: Using IOAPIC for interrupt routing
[   32.263771] PCI: Using host bridge windows from ACPI; if necessary, use "pci=nocrs" and report a bug
[   32.434041] ACPI: PCI Root Bridge [PCI0] (domain 0000 [bus 00-ff])
[   32.467331] acpi PNP0A03:00: _OSC: OS supports [ASPM ClockPM Segments MSI]
[   32.572851] acpi PNP0A03:00: _OSC: not requesting OS control; OS requires [ExtendedConfig ASPM ClockPM MSI]
[   32.788182] acpi PNP0A03:00: fail to add MMCONFIG information, can't access extended PCI configuration space under this bridge.
[   32.789974] PCI host bridge to bus 0000:00
[   32.865451] pci_bus 0000:00: root bus resource [io  0x0000-0x0cf7 window]
[   32.973145] pci_bus 0000:00: root bus resource [io  0x0d00-0xffff window]
[   32.994480] pci_bus 0000:00: root bus resource [mem 0x000a0000-0x000bffff window]
[   33.032765] pci_bus 0000:00: root bus resource [mem 0x20000000-0xfdffffff window]
[   33.279047] pci_bus 0000:00: root bus resource [bus 00-ff]
[   33.466763] pci 0000:00:01.1: legacy IDE quirk: reg 0x10: [io  0x01f0-0x01f7]
[   33.696185] pci 0000:00:01.1: legacy IDE quirk: reg 0x14: [io  0x03f6]
[   33.908848] pci 0000:00:01.1: legacy IDE quirk: reg 0x18: [io  0x0170-0x0177]
[   34.096112] pci 0000:00:01.1: legacy IDE quirk: reg 0x1c: [io  0x0376]
[   34.319682] pci 0000:00:07.0: quirk: [io  0x4000-0x403f] claimed by PIIX4 ACPI
[   34.550744] pci 0000:00:07.0: quirk: [io  0x4100-0x410f] claimed by PIIX4 SMB
[   34.792282] ACPI: PCI Interrupt Link [LNKA] (IRQs 5 9 10 *11)
[   34.834894] ACPI: PCI Interrupt Link [LNKB] (IRQs 5 9 *10 11)
[   34.835967] ACPI: PCI Interrupt Link [LNKC] (IRQs 5 *9 10 11)
[   34.850139] ACPI: PCI Interrupt Link [LNKD] (IRQs 5 9 10 *11)
[   35.019248] ACPI: Enabled 2 GPEs in block 00 to 07
[   35.100067] vgaarb: setting as boot device: PCI:0000:00:02.0
[   35.236844] vgaarb: device added: PCI:0000:00:02.0,decodes=io+mem,owns=io+mem,locks=none
[   35.474864] vgaarb: loaded
[   35.545644] vgaarb: bridge control possible 0000:00:02.0
[   35.704507] SCSI subsystem initialized
[   35.779510] ACPI: bus type USB registered
[   35.915460] usbcore: registered new interface driver usbfs
[   36.078129] usbcore: registered new interface driver hub
[   36.218273] usbcore: registered new device driver usb
[   36.339074] PCI: Using ACPI for IRQ routing
[   36.465649] NetLabel: Initializing
[   36.573462] NetLabel:  domain hash size = 128
[   36.684023] NetLabel:  protocols = UNLABELED CIPSOv4
[   36.848709] NetLabel:  unlabeled traffic allowed by default
[   37.023967] amd_nb: Cannot enumerate AMD northbridges
[   37.175529] clocksource: Switched to clocksource kvm-clock
[   7.73] pAorAprm FesteEnle
[   7.8683pn P AI it[ 38933]npPnAC: un3 vis
[   38.678371] clocksource: acpi_pm: mask: 0xffffff max_cycles: 0xffffff, max_idle_ns: 2085701024 ns
[   38.705985] NET: Registered protocol family 2
[   38.706745] TCP established hash table entries: 4096 (order: 3, 32768 bytes)
[   38.900006] TCP bind hash table entries: 4096 (order: 4, 65536 bytes)
[   39.092228] TCP: Hash tables configured (established 4096 bind 4096)
[   39.246457] UDP hash table entries: 256 (order: 1, 8192 bytes)
[   39.253297] UDP-Lite hash table entries: 256 (order: 1, 8192 bytes)
[   39.407620] NET: Registered protocol family 1
[   39.503737] pci 0000:00:00.0: Limiting direct PCI/PCI transfers
[   39.683531] pci 0000:00:01.0: Activating ISA DMA hang workarounds
[   39.855963] Unpacking initramfs...
[   41.317309] Freeing initrd memory: 10824K
[   41.398942] RAPL PMU detected, API unit is 2^-32 Joules, 4 fixed counters 10737418240 ms ovfl timer
[   41.651425] hw unit of domain pp0-core 2^-0 Joules
[   41.784359] hw unit of domain package 2^-0 Joules
[   41.786518] hw unit of domain dram 2^-0 Joules
[   41.787150] hw unit of domain pp1-gpu 2^-0 Joules
[   41.787878] platform rtc_cmos: registered platform RTC device (no PNP device found)
[   41.789012] Scanning for low memory corruption every 60 seconds
[   41.805984] audit: initializing netlink subsys (disabled)
[   41.897646] audit: type=2000 audit(1519243424.283:1): initialized
[   41.906259] Initialise system trusted keyring
[   41.907116] HugeTLB registered 2 MB page size, pre-allocated 0 pages
[   42.085302] zbud: loaded
[   42.144467] VFS: Disk quotas dquot_6.6.0
[   42.239618] VFS: Dquot-cache hash table entries: 512 (order 0, 4096 bytes)
[   42.400069] squashfs: version 4.0 (2009/01/31) Phillip Lougher
[   42.460444] fuse init (API version 7.23)
[   42.474210] Key type big_key registered
[   42.474818] Allocating IMA MOK and blacklist keyrings.
[   42.479152] Key type asymmetric registered
[   42.562860] Asymmetric key parser 'x509' registered
[   42.586940] Block layer SCSI generic (bsg) driver version 0.4 loaded (major 249)
[   42.808076] tsc: Refined TSC clocksource calibration: 2893.817 MHz
[   42.815582] io scheduler noop registered
[   42.815583] io scheduler deadline registered (default)
[   42.815618] io scheduler cfq registered
[   42.815695] pci_hotplug: PCI Hot Plug PCI Core version: 0.5
[   42.815699] pciehp: PCI Express Hot Plug Controller Driver version: 0.4
[   42.815806] ACPI: AC Adapter [AC] (on-line)
[   42.815846] input: Power Button as /devices/LNXSYSTM:00/LNXPWRBN:00/input/input0
[   42.815848] ACPI: Power Button [PWRF]
[   42.815896] input: Sleep Button as /devices/LNXSYSTM:00/LNXSLPBN:00/input/input1
[   42.815897] ACPI: Sleep Button [SLPF]
[   42.816021] GHES: HEST is not enabled!
[   42.816513] ACPI: Battery Slot [BAT0] (battery present)
[   42.892753] Serial: 8250/16550 driver, 32 ports, IRQ sharing enabled
[   42.922908] 00:02: ttyS0 at I/O 0x3f8 (irq = 4, base_baud = 115200) is a 16550A
[   43.054208] Linux agpgart interface v0.103
[   43.098898] loop: module loaded
[   43.099536] scsi host0: ata_piix
[   43.099612] scsi host1: ata_piix
[   43.099644] ata1: PATA max UDMA/33 cmd 0x1f0 ctl 0x3f6 bmdma 0xd000 irq 14
[   43.099644] ata2: PATA max UDMA/33 cmd 0x170 ctl 0x376 bmdma 0xd008 irq 15
[   43.099716] libphy: Fixed MDIO Bus: probed
[   43.099717] tun: Universal TUN/TAP device driver, 1.6
[   43.099718] tun: (C) 1999-2004 Max Krasnyansky <maxk@qualcomm.com>
[   43.100051] PPP generic driver version 2.4.2
[   43.100100] ehci_hcd: USB 2.0 'Enhanced' Host Controller (EHCI) Driver
[   43.100104] ehci-pci: EHCI PCI platform driver
[   43.100111] ehci-platform: EHCI generic platform driver
[   43.100118] ohci_hcd: USB 1.1 'Open' Host Controller (OHCI) Driver
[   43.100120] ohci-pci: OHCI PCI platform driver
[   43.100127] ohci-platform: OHCI generic platform driver
[   43.100133] uhci_hcd: USB Universal Host Controller Interface driver
[   43.100179] i8042: PNP: PS/2 Controller [PNP0303:PS2K,PNP0f03:PS2M] at 0x60,0x64 irq 1,12
[   43.100645] serio: i8042 KBD port at 0x60,0x64 irq 1
[   43.100648] serio: i8042 AUX port at 0x60,0x64 irq 12
[   43.100746] mousedev: PS/2 mouse device common for all mice
[   43.101061] input: AT Translated Set 2 keyboard as /devices/platform/i8042/serio0/input/input2
[   43.101366] rtc_cmos rtc_cmos: rtc core: registered rtc_cmos as rtc0
[   43.101417] rtc_cmos rtc_cmos: alarms up to one day, 114 bytes nvram
[   43.101422] i2c /dev entries driver
[   43.101467] device-mapper: uevent: version 1.0.3
[   43.101518] device-mapper: ioctl: 4.34.0-ioctl (2015-10-28) initialised: dm-devel@redhat.com
[   43.101534] ledtrig-cpu: registered to indicate activity on CPUs
[   43.102036] NET: Registered protocol family 10
[   43.102155] NET: Registered protocol family 17
[   43.102164] Key type dns_resolver registered
[   43.102287] microcode: CPU0 sig=0x306c3, pf=0x40, revision=0x0
[   43.104464] microcode: CPU1 sig=0x306c3, pf=0x40, revision=0x0
[   43.104495] microcode: Microcode Update Driver: v2.01 <tigran@aivazian.fsnet.co.uk>, Peter Oruba
[   43.104602] registered taskstats version 1
[   43.104613] Loading compiled-in X.509 certificates
[   43.105342] Loaded X.509 cert 'Build time autogenerated kernel key: 4c603087bab8f0a02cb3b4e1fb4c40f507e71ef1'
[   43.105359] zswap: loaded using pool lzo/zbud
[   43.107002] Key type trusted registered
[   43.109325] Key type encrypted registered
[   43.109329] AppArmor: AppArmor sha1 policy hashing enabled
[   43.109331] ima: No TPM chip found, activating TPM-bypass!
[   43.109345] evm: HMAC attrs: 0x1
[   43.109558]   Magic number: 6:189:94
[   43.263498] rtc_cmos rtc_cmos: setting system clock to 2018-02-21 20:04:17 UTC (1519243457)
[   43.263695] BIOS EDD facility v0.16 2004-Jun-25, 0 devices found
[   43.263695] EDD information not available.
[   47.691885] clocksource: tsc: mask: 0xffffffffffffffff max_cycles: 0x29b6724f135, max_idle_ns: 440795337579 ns
[   48.004858] Freeing unused kernel memory: 1508K
[   48.160329] Write protecting the kernel read-only data: 14336k
[   48.348360] Freeing unused kernel memory: 1728K
[   48.494364] Freeing unused kernel memory: 108K
Loading, please [   48.648320] random: systemd-udevd: uninitialized urandom read (16 bytes read, 4 bits of entropy available)
wait...
startin[   48.649496] random: udevadm: uninitialized urandom read (16 bytes read, 4 bits of entropy available)
g version 229
[   48.649512] random: udevadm: uninitialized urandom read (16 bytes read, 4 bits of entropy available)
[   48.656974] random: udevadm: uninitialized urandom read (16 bytes read, 4 bits of entropy available)
[   48.657008] random: udevadm: uninitialized urandom read (16 bytes read, 4 bits of entropy available)
[   48.657144] random: udevadm: uninitialized urandom read (16 bytes read, 4 bits of entropy available)
[   48.657191] random: udevadm: uninitialized urandom read (16 bytes read, 4 bits of entropy available)
[   48.657236] random: udevadm: uninitialized urandom read (16 bytes read, 4 bits of entropy available)
[   48.657283] random: udevadm: uninitialized urandom read (16 bytes read, 4 bits of entropy available)
[   48.657328] random: udevadm: uninitialized urandom read (16 bytes read, 4 bits of entropy available)
[   50.780452] e1000: Intel(R) PRO/1000 Network Driver - version 7.3.21-k8-NAPI
[   50.889799] e1000: Copyright (c) 1999-2006 Intel Corporation.
[   50.916434] Fusion MPT base driver 3.04.20
[   50.946957] Copyright (c) 1999-2008 LSI Corporation
[   50.955067] Fusion MPT SPI Host driver 3.04.20
[   51.041250] AVX2 version of gcm_enc/dec engaged.
[   51.049780] AES CTR mode by8 optimization enabled
[   51.237989] input: ImExPS/2 Generic Explorer Mouse as /devices/platform/i8042/serio1/input/input4
[   51.487167] e1000 0000:00:03.0 eth0: (PCI:33MHz:32-bit) 02:66:2d:c5:e5:fb
[   51.675502] e1000 0000:00:03.0 eth0: Intel(R) PRO/1000 Network Connection
[   52.246582] e1000 0000:00:08.0 eth1: (PCI:33MHz:32-bit) 08:00:27:c2:ce:27
[   52.469062] e1000 0000:00:08.0 eth1: Intel(R) PRO/1000 Network Connection
[   52.700576] e1000 0000:00:03.0 enp0s3: renamed from eth0
[   52.819930] mptbase: ioc0: Initiating bringup
[   52.835694] e1000 0000:00:08.0 enp0s8: renamed from eth1
[   53.041153] ioc0: LSI53C1030 A0: Capabilities={Initiator}
[   53.796435] floppy0: no floppy controllers found
[   54.161543] scsi host2: ioc0: LSI53C1030 A0, FwRev=00000000h, Ports=1, MaxQ=256, IRQ=20
[   54.452274] scsi 2:0:0:0: Direct-Access     VBOX     HARDDISK         1.0  PQ: 0 ANSI: 5
[   54.642715] scsi target2:0:0: Beginning Domain Validation
[   54.758017] scsi target2:0:0: Domain Validation skipping write tests
[   54.786988] scsi target2:0:0: Ending Domain Validation
[   54.787832] scsi target2:0:0: asynchronous
[   54.802411] scsi 2:0:1:0: Direct-Access     VBOX     HARDDISK         1.0  PQ: 0 ANSI: 5
[   54.804901] scsi target2:0:1: Beginning Domain Validation
[   54.807069] scsi target2:0:1: Domain Validation skipping write tests
[   54.912095] scsi target2:0:1: Ending Domain Validation
[   55.043443] scsi target2:0:1: asynchronous
[   55.123149] sd 2:0:0:0: Attached scsi generic sg0 type 0
[   55.123189] sd 2:0:0:0: [sda] 20971520 512-byte logical blocks: (10.7 GB/10.0 GiB)
[   55.123396] sd 2:0:0:0: [sda] Write Protect is off
[   55.123471] sd 2:0:0:0: [sda] Incomplete mode parameter data
[   55.123472] sd 2:0:0:0: [sda] Assuming drive cache: write through
[   55.130445]  sda: sda1
[   55.130966] sd 2:0:0:0: [sda] Attached SCSI disk
[   55.986201] sd 2:0:1:0: [sdb] 20480 512-byte logical blocks: (10.5 MB/10.0 MiB)
[   56.200601] sd 2:0:1:0: Attached scsi generic sg1 type 0
[   56.352208] sd 2:0:1:0: [sdb] Write Protect is off
[   56.501198] sd 2:0:1:0: [sdb] Incomplete mode parameter data
[   56.524906] sd 2:0:1:0: [sdb] Assuming drive cache: write through
[   56.534929] sd 2:0:1:0: [sdb] Attached SCSI disk
Begin: Loading e[   57.939516] md: linear personality registered for level -1
ssential drivers[   58.018398] md: multipath personality registered for level -4
 ... [   58.195123] md: raid0 personality registered for level 0
[   58.284830] md: raid1 personality registered for level 1
[   58.355887] raid6: sse2x1   gen() 11106 MB/s
[   58.543591] raid6: sse2x1   xor()  8839 MB/s
[   58.739757] raid6: sse2x2   gen() 14173 MB/s
[   58.939826] raid6: sse2x2   xor()  9654 MB/s
[   59.123676] raid6: sse2x4   gen() 16385 MB/s
[   59.327541] raid6: sse2x4   xor() 11206 MB/s
[   59.456097] raid6: avx2x1   gen() 21519 MB/s
[   59.643767] raid6: avx2x2   gen() 24520 MB/s
[   59.835628] raid6: avx2x4   gen() 28594 MB/s
[   59.959421] raid6: using algorithm avx2x4 gen() 28594 MB/s
[   60.129500] raid6: using avx2x2 recovery algorithm
[   60.250794] xor: automatically using best checksumming function:
[   60.459549]    avx       : 22518.000 MB/sec
[   60.591679] async_tx: api initialized (async)
[   60.613322] md: raid6 personality registered for level 6
[   60.658045] md: raid5 personality registered for level 5
[   60.796151] md: raid4 personality registered for level 4
[   60.952050] md: raid10 personality registered for level 10
done.
Begin: Running /[   61.139073] Btrfs loaded
scripts/init-premount ... done.
Begin: Mounting root file system ... Begin: Run[   61.248319] EXT4-fs (sda1): mounted filesystem with ordered data mode. Opts: (null)
ning /scripts/local-top ... done.
Begin: Running /scripts/local-premount ... Scanning for Btrfs filesystems
done.
Warning: fsck not present, so skipping root file system
done.
Begin: Running /scripts/local-bottom ... done.
Begin: Running /scripts/init-bottom ... done.
[   61.559215] systemd[1]: systemd 229 running in system mode. (+PAM +AUDIT +SELINUX +IMA +APPARMOR +SMACK +SYSVINIT +UTMP +LIBCRYPTSETUP +GCRYPT +GNUTLS +ACL +XZ -LZ4 +SECCOMP +BLKID +ELFUTILS +KMOD -IDN)
[   61.876676] systemd[1]: Detected virtualization oracle.
[   61.898334] systemd[1]: Detected architecture x86-64.

Welcome to [1mUbuntu 16.04.3 LTS[0m!

[   61.920392] systemd[1]: Set hostname to <ubuntu>.
[   61.927509] systemd[1]: Initializing machine ID from random generator.
[   61.934139] systemd[1]: Installed transient /etc/machine-id file.
[   62.056785] systemd[1]: Listening on udev Control Socket.
[[0;32m  OK  [0m] Listening on udev Control Socket.
[   62.252201] systemd[1]: Reached target Encrypted Volumes.
[[0;32m  OK  [0m] Reached target Encrypted Volumes.
[   62.328072] systemd[1]: Listening on Journal Socket (/dev/log).
[[0;32m  OK  [0m] Listening on Journal Socket (/dev/log).
[   62.541344] systemd[1]: Listening on LVM2 poll daemon socket.
[[0;32m  OK  [0m] Listening on LVM2 poll daemon socket.
[   62.727982] systemd[1]: Listening on LVM2 metadata daemon socket.
[[0;32m  OK  [0m] Listening on LVM2 metadata daemon socket.
[   62.788125] systemd[1]: Listening on udev Kernel Socket.
[[0;32m  OK  [0m] Listening on udev Kernel Socket.
[   62.991804] systemd[1]: Set up automount Arbitrary Executable File Formats File System Automount Point.
[[0;32m  OK  [0m] Set up automount Arbitrary Executab...ats File System Automount Point.
[   63.260056] systemd[1]: Listening on Journal Socket.
[[0;32m  OK  [0m] Listening on Journal Socket.
[   63.287997] systemd[1]: Reached target Swap.
[[0;32m  OK  [0m] Reached target Swap.
[   63.412102] systemd[1]: Created slice User and Session Slice.
[[0;32m  OK  [0m] Created slice User and Session Slice.
[   63.460815] systemd[1]: Started Forward Password Requests to Wall Directory Watch.
[[0;32m  OK  [0m] Started Forward Password Requests to Wall Directory Watch.
[   63.675912] systemd[1]: Listening on Device-mapper event daemon FIFOs.
[[0;32m  OK  [0m] Listening on Device-mapper event daemon FIFOs.
[   63.788051] systemd[1]: Listening on Syslog Socket.
[[0;32m  OK  [0m] Listening on Syslog Socket.
[   63.827240] systemd[1]: Reached target User and Group Name Lookups.
[[0;32m  OK  [0m] Reached target User and Group Name Lookups.
[   63.987252] systemd[1]: Started Trigger resolvconf update for networkd DNS.
[[0;32m  OK  [0m] Started Trigger resolvconf update for networkd DNS.
[   64.224457] systemd[1]: Created slice System Slice.
[[0;32m  OK  [0m] Created slice System Slice.
[   64.419815] systemd[1]: Starting Load Kernel Modules...
[   4.505]LoiniSI anorclasv2-8.          Startin[   65.056936] random: nonblocking pool is initialized
g Load Kernel Mo[   65.142062] iscsi: registered transport (tcp)
dules...
[   65.170893] iscsi: registered transport (iser)
[   65.171967] systemd[1]: Mounting POSIX Message Queue File System...
         Mounting POSIX Message Queue File System...
[   65.503987] systemd[1]: Starting Set console keymap...
         Starting Set console keymap...
[   65.716077] systemd[1]: Starting Remount Root and Kernel File Systems...
[   65.718800] EXT4-fs (sda1): re-mounted. Opts: (null)
         Starting Remount Root and Kernel File Systems...
[   65.840397] systemd[1]: Created slice system-serial\x2dgetty.slice.
[[0;32m  OK  [0m] Created slice system-serial\x2dgetty.slice.
[   66.011981] systemd[1]: Starting Nameserver information manager...
         Starting Nameserver information manager...
[   66.215659] systemd[1]: Starting Create list of required static device nodes for the current kernel...
         Starting Create list of required st... nodes for the current kernel...
[   66.519708] systemd[1]: Mounting Huge Pages File System...
         Mounting Huge Pages File System...
[   66.715748] systemd[1]: Starting Monitoring of LVM2 mirrors, snapshots etc. using dmeventd or progress polling...
         Starting Monitoring of LVM2 mirrors... dmeventd or progress polling...
[   66.858450] systemd[1]: Reached target Slices.
[[0;32m  OK  [0m] Reached target Slices.
[   67.055689] systemd[1]: Starting Uncomplicated firewall...
         Starting Uncomplicated firewall...
[   67.248353] systemd[1]: Listening on Journal Audit Socket.
[[0;32m  OK  [0m] Listening on Journal Audit Socket.
[   67.403649] systemd[1]: Starting Journal Service...
         Starting Journal Service...
[   67.544763] systemd[1]: Mounting Debug File System...
         Mounting Debug File System...
[   67.587909] systemd[1]: Listening on /dev/initctl Compatibility Named Pipe.
[[0;32m  OK  [0m] Listening on /dev/initctl Compatibility Named Pipe.
[   67.788528] systemd[1]: Mounted POSIX Message Queue File System.
[[0;32m  OK  [0m] Mounted POSIX Message Queue File System.
[   67.983705] systemd[1]: Mounted Debug File System.
[[0;32m  OK  [0m] Mounted Debug File System.
[   68.148008] systemd[1]: Mounted Huge Pages File System.
[[0;32m  OK  [0m] Mounted Huge Pages File System.
[   68.172281] systemd[1]: Started Journal Service.
[[0;32m  OK  [0m] Started Journal Service.
[[0;32m  OK  [0m] Started Load Kernel Modules.
[[0;32m  OK  [0m] Started Set console keymap.
[[0;32m  OK  [0m] Started Remount Root and Kernel File Systems.
[[0;32m  OK  [0m] Started Create list of required sta...ce nodes for the current kernel.
[[0;32m  OK  [0m] Started Uncomplicated firewall.
[[0;32m  OK  [0m] Started Nameserver information manager.
[[0;32m  OK  [0m] Started LVM2 metadata daemon.
         Starting Create Static Device Nodes in /dev...
         Starting Load/Save Random Seed...
         Starting udev Coldplug all Devices...
         Starting Initial cloud-init job (pre-networking)...
         Starting Apply Kernel Variables...
         Mounting FUSE Control File System...
         Starting Flush Journal to Persistent Storage...
[[0;32m  OK  [0m] Mounted FUSE Control File System.
[[0;32m  OK  [0m] Started Monitoring of LVM2 mirrors,...ng dmeventd or progress polling.
[[0;32m  OK  [0m] Started Create Static Device Nodes in /dev.
[[0;32m  OK  [0m] Started Load/Save Random Seed.
[[0;32m  OK  [0m] Started Apply Kernel Variables.
[[0;32m  OK  [0m] Started udev Coldplug all Devices.
[[0;32m  OK  [0m] Started Flush Journal to Persistent Storage.
         Starting udev Kernel Device Manager...
[[0;32m  OK  [0m] Started udev Kernel Device Manager.
[[0;32m  OK  [0m] Started Dispatch Password Requests to Console Directory Watch.
[[0;32m  OK  [0m] Reached target Local File Systems (Pre).
[[0;32m  OK  [0m] Reached target Local File Systems.
         Starting Commit a transient machine-id on disk...
         Starting Create Volatile Files and Directories...
[   33.287950] cloud-init[449]: Cloud-init v. 17.1 running 'init-local' at Wed, 21 Feb 2018 20:04:43 +0000. Up 33.01 seconds.
         Starting Set console font and keymap...
         Starting LSB: AppArmor initialization...
         Starting Tell Plymouth To Write Out Runtime Data...
[[0;32m  OK  [0m] Started Commit a transient machine-id on disk.
[[0;32m  OK  [0m] Started Create Volatile Files and Directories.
[[0;32m  OK  [0m] Started Set console font and keymap.
[[0;32m  OK  [0m] Started Tell Plymouth To Write Out Runtime Data.
[[0;32m  OK  [0m] Started Initial cloud-init job (pre-networking).
[[0;32m  OK  [0m] Found device /dev/ttyS0.
[[0;32m  OK  [0m] Listening on Load/Save RF Kill Switch Status /dev/rfkill Watch.
[[0;32m  OK  [0m] Reached target Network (Pre).
[[0;32m  OK  [0m] Created slice system-getty.slice.
         Starting Update UTMP about System Boot/Shutdown...
[[0;32m  OK  [0m] Reached target System Time Synchronized.
[[0;32m  OK  [0m] Started Update UTMP about System Boot/Shutdown.
[[0;32m  OK  [0m] Started LSB: AppArmor initialization.
         Starting Raise network interfaces...
[[0;32m  OK  [0m] Started Raise network interfaces.
[[0;32m  OK  [0m] Reached target Network.
         Starting Initial cloud-init job (metadata service crawler)...
[   37.156102] cloud-init[951]: Cloud-init v. 17.1 running 'init' at Wed, 21 Feb 2018 20:04:47 +0000. Up 36.57 seconds.
[   37.180542] cloud-init[951]: ci-info: ++++++++++++++++++++++++++++++++++++++Net device info++++++++++++++++++++++++++++++++++++++
[   37.288394] cloud-init[951]: ci-info: +--------+-------+----------------------------+---------------+-------+-------------------+
[[0;32m  OK  [0m] Started Initial cloud-init job (metadata service crawler).
[   37.288595] cloud-init[951]: ci-info: | Device |   Up  |          Address           |      Mask     | Scope |     Hw-Address    |
[   37.468454] cloud-init[951]: ci-info: +--------+-------+----------------------------+---------------+-------+-------------------+
[   37.468683] cloud-init[951]: ci-info: | enp0s3 |  True |         10.0.2.15          | 255.255.255.0 |   .   | 02:66:2d:c5:e5:fb |
[[0;32m  OK  [0m] Reached target Cloud-config availability.
[   37.468798] cloud-init[951]: ci-info: | enp0s3 |  True | fe80::66:2dff:fec5:e5fb/64 |       .       |  link | 02:66:2d:c5:e5:fb |
[   37.784682] cloud-init[951]: ci-info: | enp0s8 | False |             .              |       .       |   .   | 08:00:27:c2:ce:27 |
[[0;32m  OK  [0m] Reached target System Initialization.
[   37.784768] cloud-init[951]: ci-info: |   lo   |  True |         127.0.0.1          |   255.0.0.0   |   .   |         .         |
[   38.380857] cloud-init[951]: ci-info: |   lo   |  True |          ::1/128           |       .       |  host |         .         |
[[0;32m  OK  [0m] Started Daily Cleanup of Temporary Directories.
[[0;32m  OK  [0m] Listening on ACPID Listen Socket.
[   38.380917] cloud-init[951]: ci-info: +--------+-------+----------------------------+---------------+-------+-------------------+
[   39.156722] cloud-init[951]: ci-info: +++++++++++++++++++++++++++Route IPv4 info++++++++++++++++++++++++++++
[   39.156937] cloud-init[951]: ci-info: +-------+-------------+----------+---------------+-----------+-------+
[[0;32m  OK  [0m] Listening on UUID daemon activation socket.
[   39.157058] cloud-init[951]: ci-info: | Route | Destination | Gateway  |    Genmask    | Interface | Flags |
[   39.581470] cloud-init[951]: ci-info: +-------+-------------+----------+---------------+-----------+-------+
[   39.581660] cloud-init[951]: ci-info: |   0   |   0.0.0.0   | 10.0.2.2 |    0.0.0.0    |   enp0s3  |   UG  |
         Starting LXD - unix socket.
[[   39.581760] cloud-init[951]: ci-info: |   1   |   10.0.2.0  | 0.0.0.0  | 255.255.255.0 |   enp0s3  |   U   |
[   39.964601] cloud-init[951]: ci-info: +-------+-------------+----------+---------------+-----------+-------+
[0;32m  OK  [0m] Listening on D-Bus System Message Bus Socket.
[   39.964655] cloud-init[951]: Generating public/private rsa key pair.
[   40.336540] cloud-init[951]: Your identification has been saved in /etc/ssh/ssh_host_rsa_key.
[   40.336770] cloud-init[951]: Your public key has been saved in /etc/ssh/ssh_host_rsa_key.pub.
[[0;32m  OK  [0m] Started Daily apt download activities.
[[   40.336861] cloud-init[951]: The key fingerprint is:
[   40.649117] cloud-init[951]: SHA256:HP/qTYrSbPR+pEJDTUQdkfCbTbzAWhOQQl3rMe/0QUw root@ubuntu-xenial
[0;32m  OK  [0m] Started Daily apt upgrade and clean activities.
         Starting Socket activation for snappy daemon.
[   40.649190] cloud-init[951]: The key's randomart image is:
[   41.008425] cloud-init[951]: +---[RSA 2048]----+
[   41.008650] cloud-init[951]: |       ..+=*=+ E |
[[0;32m  OK  [0m] Started Timer to automatically refresh installed snaps.
[   41.008744] cloud-init[951]: |        . +oo+o  |
[   41.200646] cloud-init[951]: |        .+  X oo |
[[0;32m  OK  [0m] Reached target Timers.
[   41.200744] cloud-init[951]: |       ..o.+ @.. |
[   41.417259] cloud-init[951]: |       .S o + =. |
[   41.417456] cloud-init[951]: |        +  ..o ..|
[[0;32m  OK  [0m] Started ACPI Events Check.
[   41.417546] cloud-init[951]: |       = o oo . .|
[   41.553160] cloud-init[951]: |      . =.o=.    |
[[0;32m  OK  [0m] Reached target Paths.
[   41.553253] cloud-init[951]: |       o.+=..    |
[   41.658955] cloud-init[951]: +----[SHA256]-----+
[[0;32m  OK  [0m] Reached target Network is Online.
[   41.659011] cloud-init[951]: Generating public/private dsa key pair.
[   41.920441] cloud-init[951]: Your identification has been saved in /etc/ssh/ssh_host_dsa_key.
[   41.920672] cloud-init[951]: Your public key has been saved in /etc/ssh/ssh_host_dsa_key.pub.
         Starting iSCSI initiator daemon (iscsid)...
[   41.920759] cloud-init[951]: The key fingerprint is:
[   42.244512] cloud-init[951]: SHA256:kgRJ23JeQSEJrts+IEpSV9vUBUt2D4Gfu+i4TAUcvIc root@ubuntu-xenial
[   42.244797] cloud-init[951]: The key's randomart image is:
[[0;32m  OK  [0m] Listening on LXD - unix socket.
[[   42.244925] cloud-init[951]: +---[DSA 1024]----+
[   42.404731] cloud-init[951]: |   .+o.+=o++=.   |
[0;32m  OK  [0m] Listening on Socket activation for snappy daemon.
[   42.404797] cloud-init[951]: |   ..+ooo=oo o   |
[   42.656380] cloud-init[951]: |    +.+++o.. ..  |
[   42.656650] cloud-init[951]: |  ...=.oE.. o    |
[[0;32m  OK  [0m] Reached target Sockets.
[[   42.656785] cloud-init[951]: | ...  + S..  .   |
[   42.896716] cloud-init[951]: |o..o   . .  .    |
[0;32m  OK  [0m] Reached target Basic System.
[   42.896771] cloud-init[951]: |+....   .  . .   |
[   43.080376] cloud-init[951]: |.  ..  o .. .    |
[   43.080637] cloud-init[951]: |    ..  +o.      |
[[0;32m  OK  [0m] Started FUSE filesystem for LXC.
[   43.080757] cloud-init[951]: +----[SHA256]-----+
[   43.320526] cloud-init[951]: Generating public/private ecdsa key pair.
[   43.320744] cloud-init[951]: Your identification has been saved in /etc/ssh/ssh_host_ecdsa_key.
         Starting Login Service...
[   43.320847] cloud-init[951]: Your public key has been saved in /etc/ssh/ssh_host_ecdsa_key.pub.
[   43.512381] cloud-init[951]: The key fingerprint is:
[[0;32m  OK  [0m] Started Unattended Upgrades Shutdown.
[   43.512476] cloud-init[951]: SHA256:8vsPtXrmGjiXrObvNwrg7sX7NUgm1O0/RvdQfXeNhms root@ubuntu-xenial
[   43.797930] cloud-init[951]: The key's randomart image is:
         Starting LXD - container startup/shutdown...
[   43.798281] cloud-init[951]: +---[ECDSA 256]---+
[   43.892393] cloud-init[951]: |                 |
[   43.892605] cloud-init[951]: |         . . . .o|
         Starting Accounts Service...
[   43.892734] cloud-init[951]: |        . . o o B|
[   44.104573] cloud-init[951]: |       .   . o .+|
[   44.104782] cloud-init[951]: |      o S o E o .|
         Starting /etc/rc.local Compatibility...
[   44.104911] cloud-init[951]: |     . = * = + o.|
[   44.296535] cloud-init[951]: |      . B B + + .|
[   44.296747] cloud-init[951]: |     . ..B ==o . |
         Starting Apply the settings specified in cloud-config...
[   44.296862] cloud-init[951]: |     .oo==OOo.   |
[   44.492759] cloud-init[951]: +----[SHA256]-----+
[   44.493016] cloud-init[951]: Generating public/private ed25519 key pair.
[[0;32m  OK  [0m] Started Deferred execution scheduler.
[   44.493151] cloud-init[951]: Your identification has been saved in /etc/ssh/ssh_host_ed25519_key.
[   44.720477] cloud-init[951]: Your public key has been saved in /etc/ssh/ssh_host_ed25519_key.pub.
[   44.720670] cloud-init[951]: The key fingerprint is:
[[0;32m  OK  [0m] Started ACPI event daemon.
[   44.720779] cloud-init[951]: SHA256:Tuh7BoFg4smUjrtKid7aVzJ1QrFdk6ZWpYzOhnqk7Eo root@ubuntu-xenial
[   44.828555] cloud-init[951]: The key's randomart image is:
[   44.828747] cloud-init[951]: +--[ED25519 256]--+
         Starting System Logging Service...
[   44.828890] cloud-init[951]: |  .    ..  oo.   |
[   45.052779] cloud-init[951]: |.oo    .o ++o    |
[   45.104382] cloud-init[951]: |*o.. ... o+o     |
[   45.104579] cloud-init[951]: |.=  . .+++       |
[[0;32m  OK  [0m] Started Regular background program processing daemon.
[   45.104690] cloud-init[951]: | .    o+S+       |
[   45.260328] cloud-init[951]: |o . .+=+.        |
[   45.260535] cloud-init[951]: |.+ E +=o.        |
         Starting LSB: Record successful boot for GRUB...
[   45.260700] cloud-init[951]: |+ + ....o        |
[   45.344717] cloud-init[951]: |oo.+o..o         |
[   45.345025] cloud-init[951]: +----[SHA256]-----+
[[0;32m  OK  [0m] Started D-Bus System Message Bus.
[   45.349801] cloud-init[1070]: Generating locales (this might take a while)...
         Starting LSB: MD monitoring daemon...
[   45.462332] cloud-init[1070]:   en_US.UTF-8... done
         Starting Snappy daemon...
[   45.524644] cloud-init[1070]: Generation complete.
         Starting Pollinate to seed the pseudo random number generator...
[   45.592363] cloud-init[1070]: Cloud-init v. 17.1 running 'modules:config' at Wed, 21 Feb 2018 20:04:55 +0000. Up 44.47 seconds.
[[0;32m  OK  [0m] Started System Logging Service.
[[0;32m  OK  [0m] Started Snappy daemon.
[[0;32m  OK  [0m] Started iSCSI initiator daemon (iscsid).
[[0;32m  OK  [0m] Started LXD - container startup/shutdown.
[[0;32m  OK  [0m] Started /etc/rc.local Compatibility.
[[0;32m  OK  [0m] Started Apply the settings specified in cloud-config.
[[0;32m  OK  [0m] Started Login Service.
[[0;32m  OK  [0m] Started LSB: Record successful boot for GRUB.
[[0;32m  OK  [0m] Started LSB: MD monitoring daemon.
         Starting Authenticate and Authorize Users to Run Privileged Tasks...
         Starting Login to default iSCSI targets...
[[0;32m  OK  [0m] Started Authenticate and Authorize Users to Run Privileged Tasks.
[[0;32m  OK  [0m] Started Accounts Service.
[[0;32m  OK  [0m] Started Login to default iSCSI targets.
[[0;32m  OK  [0m] Reached target Remote File Systems (Pre).
[[0;32m  OK  [0m] Reached target Remote File Systems.
         Starting LSB: VirtualBox Linux Additions...
         Starting LSB: automatic crash report generation...
         Starting LSB: Set the CPU Frequency Scaling governor to "ondemand"...
         Starting LSB: daemon to balance interrupts for SMP systems...
         Starting Permit User Sessions...
[[0;32m  OK  [0m] Started Permit User Sessions.
         Starting Hold until boot process finishes up...
         Starting Terminate Plymouth Boot Screen...
[[0;32m  OK  [0m] Started LSB: VirtualBox Linux Additions.
[[0;32m  OK  [0m] Started LSB: automatic crash report generation.
[[0;32m  OK  [0m] Started LSB: Set the CPU Frequency Scaling governor to "ondemand".
[[0;32m  OK  [0m] Started Pollinate to seed the pseudo random number generator.
[[0;32m  OK  [0m] Started LSB: daemon to balance interrupts for SMP systems.
[[0;32m  OK  [0m] Started Hold until boot process finishes up.
[[0;32m  OK  [0m] Started Terminate Plymouth Boot Screen.
         Starting Set console scheme...
[[0;32m  OK  [0m] Started Getty on tty1.
[[0;32m  OK  [0m] Started Serial Getty on ttyS0.
[[0;32m  OK  [0m] Reached target Login Prompts.
         Starting OpenBSD Secure Shell server...
[[0;32m  OK  [0m] Started OpenBSD Secure Shell server.
[[0;32m  OK  [0m] Started Set console scheme.
[[0;32m  OK  [0m] Reached target Multi-User System.
         Starting Execute cloud user/final scripts...
[[0;32m  OK  [0m] Reached target Graphical Interface.
         Starting Update UTMP about System Runlevel Changes...
[[0;32m  OK  [0m] Started Update UTMP about System Runlevel Changes.
ci-info: no authorized ssh keys fingerprints found for user ubuntu.
<14>Feb 21 20:04:59 ec2: 
<14>Feb 21 20:04:59 ec2: #############################################################
<14>Feb 21 20:04:59 ec2: -----BEGIN SSH HOST KEY FINGERPRINTS-----
<14>Feb 21 20:04:59 ec2: 1024 SHA256:kgRJ23JeQSEJrts+IEpSV9vUBUt2D4Gfu+i4TAUcvIc root@ubuntu-xenial (DSA)
<14>Feb 21 20:04:59 ec2: 256 SHA256:8vsPtXrmGjiXrObvNwrg7sX7NUgm1O0/RvdQfXeNhms root@ubuntu-xenial (ECDSA)
<14>Feb 21 20:04:59 ec2: 256 SHA256:Tuh7BoFg4smUjrtKid7aVzJ1QrFdk6ZWpYzOhnqk7Eo root@ubuntu-xenial (ED25519)
<14>Feb 21 20:04:59 ec2: 2048 SHA256:HP/qTYrSbPR+pEJDTUQdkfCbTbzAWhOQQl3rMe/0QUw root@ubuntu-xenial (RSA)
<14>Feb 21 20:04:59 ec2: -----END SSH HOST KEY FINGERPRINTS-----
<14>Feb 21 20:04:59 ec2: #############################################################
-----BEGIN SSH HOST KEY KEYS-----
ecdsa-sha2-nistp256 AAAAE2VjZHNhLXNoYTItbmlzdHAyNTYAAAAIbmlzdHAyNTYAAABBBJV4ol8l4b8sWvkjQCPTnv7WKL+LkJXAFKywMtGDJmrN9h/JCVTGpMOJtjeS31rPnBW9z/0wAppiQyAyF7/Ydio= root@ubuntu-xenial
ssh-ed25519 AAAAC3NzaC1lZDI1NTE5AAAAIL+4PlQ7xmMKkrutf4iQ+D6yE3hLX52i95jYSc15QpXe root@ubuntu-xenial
ssh-rsa AAAAB3NzaC1yc2EAAAADAQABAAABAQDY69ETnaYzrALkfBtkxKQa13HORjjN6MPAeQG/xKhvmgAIhHGfTKZC495mbpRHw8+KRjQFbGGx3GYg7IqqVin03j8hw/ImMqVT3/1ZCbxNgPYfbEVO1zQ7f9ijG/S3SCU+hf+xF7HV0LbPq3EyrI1pxE6a6aRJlcThvUTak4HwQQtPHiLajyfmwyVugbWYh818rQTac6t7oJw7h7LVcj0GgqrP6vg/hI6Ojaq+Z+D0rDcH65oX/KqCxTKRps+VflJiJTQ+SeQDi6DRZDWkuPNKzRHlGwbnJItD4DvmNQbZ4RJ1oAqzBRCJDlnPgE0CxTzFj1JT75oidf1tlHfsb6j9 root@ubuntu-xenial
-----END SSH HOST KEY KEYS-----
[[0;32m  OK  [0m] Created slice User Slice of vagrant.
[[0;32m  OK  [0m] Started Execute cloud user/final scripts.
[   49.930054] cloud-init[1297]: Cloud-init v. 17.1 running 'modules:final' at Wed, 21 Feb 2018 20:04:58 +0000. Up 48.07 seconds.
[   50.156612] cloud-init[1297]: ci-info: no authorized ssh keys fingerprints found for user ubuntu.
[   50.156903] cloud-init[1297]: Cloud-init v. 17.1 finished at Wed, 21 Feb 2018 20:05:00 +0000. Datasource DataSourceNoCloud [seed=/dev/sdb][dsmode=net].  Up 49.92 seconds
[[0;32m  OK  [0m] Started Session 1 of user vagrant.
         Starting User Manager for UID 1000...
[[0;32m  OK  [0m] Reached target Cloud-init target.
[[0;32m  OK  [0m] Started User Manager for UID 1000.

Ubuntu 16.04.3 LTS ubuntu-xenial ttyS0

ubuntu-xenial login: 